Running in Lattice mode

                               Synplify Pro (R) 

                Version U-2023.03LR-1 for win64 - May 29, 2023 

                    Copyright (c) 1988 - 2023 Synopsys, Inc.
   This software and the associated documentation are proprietary to Synopsys,
 Inc. This software may only be used in accordance with the terms and conditions
 of a written license agreement with Synopsys, Inc. All other use, reproduction,
   or distribution of this software is strictly prohibited.  Licensed Products
     communicate with Synopsys servers for the purpose of providing software
    updates, detecting software piracy and verifying that customers are using
    Licensed Products in conformity with the applicable License Key for such
  Licensed Products. Synopsys will use information gathered in connection with
    this process to deliver software updates and pursue software pirates and
                                   infringers.

 Inclusivity & Diversity - Visit SolvNetPlus to read the "Synopsys Statement on
            Inclusivity and Diversity" (Refer to article 000036315 at
                        https://solvnetplus.synopsys.com)

Starting:    C:\lscc\radiant\2023.1\synpbase\bin64\mbin\synbatch.exe
Install:     C:\lscc\radiant\2023.1\synpbase
Hostname:    LAB229C
Date:        Tue Dec  5 18:05:50 2023
Version:     U-2023.03LR-1

Arguments:   -product synplify_base -batch collisions_and_rotations_impl_1_synplify.tcl
ProductType: synplify_pro




"force_gsr" is unrecognized option for current device
log file: "Z:\es4\ES4-Final\collisions_and_rotations\impl_1\rev_1\welcome.srr"
Running: hdl_info_gen in foreground

Generating HDL info...

Job: "hdl_info_gen" terminated with error status: 2
See log file: "Z:\es4\ES4-Final\collisions_and_rotations\impl_1\rev_1\syntax.log"
# Tue Dec  5 18:05:51 2023

Return Code: 2
Run Time:00h:00m:01s
Error: At line 67 while processing "collisions_and_rotations_impl_1_synplify.tcl"
2
TCL script complete: "collisions_and_rotations_impl_1_synplify.tcl"
TCL script had errors: "collisions_and_rotations_impl_1_synplify.tcl"
exit status=9
exit status=9
Save changes for project:
Z:\es4\ES4-Final\collisions_and_rotations\impl_1\proj_1.prj
batch mode default:no
