
"C:/lscc/radiant/2023.1/tcltk/windows/bin/tclsh" "NES_Controller_impl_1_synthesize.tcl"

synthesis -f NES_Controller_impl_1_lattice.synproj
synthesis:  version Radiant Software (64-bit) 2023.1.0.43.3

Copyright (c) 1991-1994 by NeoCAD Inc. All rights reserved.
Copyright (c) 1995 AT&T Corp.   All rights reserved.
Copyright (c) 1995-2001 Lucent Technologies Inc.  All rights reserved.
Copyright (c) 2001 Agere Systems   All rights reserved.
Copyright (c) 2002-2023 Lattice Semiconductor Corporation,  All rights reserved.
Mon Nov  6 20:02:16 2023


Command Line:  C:\lscc\radiant\2023.1\ispfpga\bin\nt64\synthesis.exe -f NES_Controller_impl_1_lattice.synproj -gui -msgset Z:/es4/Lab7/NES_Controller/promote.xml 

INFO <35002000> - synthesis: Lattice Synthesis Engine Launched.
Synthesis options:
The -a option is iCE40UP.
The -t option is SG48.
The -sp option is High-Performance_1.2V.
The -p option is iCE40UP5K.
                                                          


##########################################################


### Lattice Family     : iCE40UP


### Device             : iCE40UP5K


### Package            : SG48


### Performance Grade  : High-Performance_1.2V


                                                         


INFO <35001786> - User-Selected Strategy Settings
Optimization goal = Area
Top-level module name = top.
Target frequency = 200.000000 MHz.
Maximum fanout = 1000.
Timing path count = 3 (default)
RWCheckOnRam = 0

BRAM utilization = 100.000000 %
DSP usage = true
DSP utilization = 100.000000 %
fsm_encoding_style = auto
resolve_mixed_drivers = 0
fix_gated_clocks = 1


Mux style = auto (Default)
Use Carry Chain = true
carry_chain_length = 0
Loop Limit = 1950.
Use IO Insertion = TRUE
Use IO Reg = AUTO

Resource Sharing = TRUE
Propagate Constants = TRUE
Remove Duplicate Registers = TRUE
Output HDL file name = NES_Controller_impl_1.vm.
ROM style = auto
RAM style = auto
The -comp option is FALSE.
The -syn option is FALSE.
-vh2008

-path C:/lscc/radiant/2023.1/ispfpga/ice40tp/data (searchpath added)
-path Z:/es4/Lab7/NES_Controller (searchpath added)
-path Z:/es4/Lab7/NES_Controller/impl_1 (searchpath added)
Mixed language design
Verilog design file = C:/lscc/radiant/2023.1/ip/pmi/pmi_iCE40UP.v
VHDL library = pmi
VHDL design file = C:/lscc/radiant/2023.1/ip/pmi/pmi_iCE40UP.vhd
VHDL library = work
VHDL design file = Z:/es4/Lab7/NES_Controller/source/impl_1/top.vhd
VHDL library = work
VHDL design file = Z:/es4/Lab7/NES_Controller/source/impl_1/counter.vhd
VHDL library = work
VHDL design file = Z:/es4/Lab7/NES_Controller/source/impl_1/nes_controller.vhd
The -r option is OFF. [ Remove LOC Properties is OFF. ]
WARNING <35935050> - input port TRIM9 is not connected on this instance. VDB-5050
WARNING <35935050> - input port TRIM8 is not connected on this instance. VDB-5050
WARNING <35935050> - input port TRIM7 is not connected on this instance. VDB-5050
WARNING <35935050> - input port TRIM6 is not connected on this instance. VDB-5050
WARNING <35935050> - input port TRIM5 is not connected on this instance. VDB-5050
WARNING <35935050> - input port TRIM4 is not connected on this instance. VDB-5050
WARNING <35935050> - input port TRIM3 is not connected on this instance. VDB-5050
WARNING <35935050> - input port TRIM2 is not connected on this instance. VDB-5050
WARNING <35935050> - input port TRIM1 is not connected on this instance. VDB-5050
WARNING <35935050> - input port TRIM0 is not connected on this instance. VDB-5050
WARNING <35935050> - input port I is not connected on this instance. VDB-5050
Compile design.
Compile Design Begin
Analyzing Verilog file c:/lscc/radiant/2023.1/ip/pmi/pmi_ice40up.v. VERI-1482
c:/lscc/radiant/2023.1/ip/pmi/pmi_ice40up.v(1): analyzing included file c:/lscc/radiant/2023.1/ip/pmi/pmi_addsub.v. VERI-1328
c:/lscc/radiant/2023.1/ip/pmi/pmi_addsub.v(40): analyzing included file c:/lscc/radiant/2023.1/ip/pmi/../common/adder_subtractor/rtl/lscc_add_sub.v. VERI-1328
c:/lscc/radiant/2023.1/ip/pmi/pmi_ice40up.v(2): analyzing included file c:/lscc/radiant/2023.1/ip/pmi/pmi_add.v. VERI-1328
c:/lscc/radiant/2023.1/ip/pmi/pmi_add.v(50): analyzing included file c:/lscc/radiant/2023.1/ip/pmi/../common/adder/rtl/lscc_adder.v. VERI-1328
c:/lscc/radiant/2023.1/ip/pmi/pmi_ice40up.v(3): analyzing included file c:/lscc/radiant/2023.1/ip/pmi/pmi_complex_mult.v. VERI-1328
c:/lscc/radiant/2023.1/ip/pmi/pmi_complex_mult.v(52): analyzing included file c:/lscc/radiant/2023.1/ip/pmi/../common/complex_mult/rtl/lscc_complex_mult.v. VERI-1328
c:/lscc/radiant/2023.1/ip/pmi/pmi_ice40up.v(4): analyzing included file c:/lscc/radiant/2023.1/ip/pmi/pmi_counter.v. VERI-1328
c:/lscc/radiant/2023.1/ip/pmi/pmi_counter.v(39): analyzing included file c:/lscc/radiant/2023.1/ip/pmi/../common/counter/rtl/lscc_cntr.v. VERI-1328
c:/lscc/radiant/2023.1/ip/pmi/pmi_ice40up.v(5): analyzing included file c:/lscc/radiant/2023.1/ip/pmi/pmi_fifo.v. VERI-1328
c:/lscc/radiant/2023.1/ip/pmi/pmi_fifo.v(44): analyzing included file c:/lscc/radiant/2023.1/ip/pmi/../avant/fifo/rtl/lscc_fifo.v. VERI-1328
c:/lscc/radiant/2023.1/ip/pmi/pmi_ice40up.v(6): analyzing included file c:/lscc/radiant/2023.1/ip/pmi/pmi_fifo_dc.v. VERI-1328
c:/lscc/radiant/2023.1/ip/pmi/pmi_fifo_dc.v(47): analyzing included file c:/lscc/radiant/2023.1/ip/pmi/../avant/fifo_dc/rtl/lscc_fifo_dc.v. VERI-1328
c:/lscc/radiant/2023.1/ip/pmi/pmi_ice40up.v(7): analyzing included file c:/lscc/radiant/2023.1/ip/pmi/pmi_mac.v. VERI-1328
c:/lscc/radiant/2023.1/ip/pmi/pmi_mac.v(52): analyzing included file c:/lscc/radiant/2023.1/ip/pmi/../common/mult_accumulate/rtl/lscc_mult_accumulate.v. VERI-1328
c:/lscc/radiant/2023.1/ip/pmi/pmi_ice40up.v(8): analyzing included file c:/lscc/radiant/2023.1/ip/pmi/pmi_multaddsubsum.v. VERI-1328
c:/lscc/radiant/2023.1/ip/pmi/pmi_multaddsubsum.v(53): analyzing included file c:/lscc/radiant/2023.1/ip/pmi/../common/mult_add_sub_sum/rtl/lscc_mult_add_sub_sum.v. VERI-1328
c:/lscc/radiant/2023.1/ip/pmi/pmi_ice40up.v(9): analyzing included file c:/lscc/radiant/2023.1/ip/pmi/pmi_multaddsub.v. VERI-1328
c:/lscc/radiant/2023.1/ip/pmi/pmi_multaddsub.v(52): analyzing included file c:/lscc/radiant/2023.1/ip/pmi/../common/mult_add_sub/rtl/lscc_mult_add_sub.v. VERI-1328
c:/lscc/radiant/2023.1/ip/pmi/pmi_ice40up.v(10): analyzing included file c:/lscc/radiant/2023.1/ip/pmi/pmi_mult.v. VERI-1328
c:/lscc/radiant/2023.1/ip/pmi/pmi_mult.v(51): analyzing included file c:/lscc/radiant/2023.1/ip/pmi/../common/multiplier/rtl/lscc_multiplier.v. VERI-1328
c:/lscc/radiant/2023.1/ip/pmi/pmi_ice40up.v(11): analyzing included file c:/lscc/radiant/2023.1/ip/pmi/pmi_ram_dp.v. VERI-1328
c:/lscc/radiant/2023.1/ip/pmi/pmi_ram_dp.v(48): analyzing included file c:/lscc/radiant/2023.1/ip/pmi/../avant/ram_dp/rtl/lscc_ram_dp.v. VERI-1328
c:/lscc/radiant/2023.1/ip/pmi/pmi_ice40up.v(12): analyzing included file c:/lscc/radiant/2023.1/ip/pmi/pmi_ram_dq.v. VERI-1328
c:/lscc/radiant/2023.1/ip/pmi/pmi_ram_dq.v(45): analyzing included file c:/lscc/radiant/2023.1/ip/pmi/../avant/ram_dq/rtl/lscc_ram_dq.v. VERI-1328
c:/lscc/radiant/2023.1/ip/pmi/pmi_ice40up.v(13): analyzing included file c:/lscc/radiant/2023.1/ip/pmi/pmi_rom.v. VERI-1328
c:/lscc/radiant/2023.1/ip/pmi/pmi_rom.v(45): analyzing included file c:/lscc/radiant/2023.1/ip/pmi/../avant/rom/rtl/lscc_rom.v. VERI-1328
c:/lscc/radiant/2023.1/ip/pmi/pmi_ice40up.v(14): analyzing included file c:/lscc/radiant/2023.1/ip/pmi/pmi_sub.v. VERI-1328
c:/lscc/radiant/2023.1/ip/pmi/pmi_sub.v(50): analyzing included file c:/lscc/radiant/2023.1/ip/pmi/../common/subtractor/rtl/lscc_subtractor.v. VERI-1328
c:/lscc/radiant/2023.1/ip/pmi/pmi_ice40up.v(15): analyzing included file c:/lscc/radiant/2023.1/ip/pmi/pmi_ram_dp_be.v. VERI-1328
c:/lscc/radiant/2023.1/ip/pmi/pmi_ram_dp_be.v(49): analyzing included file c:/lscc/radiant/2023.1/ip/pmi/../avant/ram_dp/rtl/lscc_ram_dp.v. VERI-1328
c:/lscc/radiant/2023.1/ip/pmi/pmi_ice40up.v(16): analyzing included file c:/lscc/radiant/2023.1/ip/pmi/pmi_ram_dq_be.v. VERI-1328
c:/lscc/radiant/2023.1/ip/pmi/pmi_ram_dq_be.v(45): analyzing included file c:/lscc/radiant/2023.1/ip/pmi/../avant/ram_dq/rtl/lscc_ram_dq.v. VERI-1328
c:/lscc/radiant/2023.1/ip/pmi/pmi_ice40up.v(17): analyzing included file c:/lscc/radiant/2023.1/ip/pmi/pmi_dsp.v. VERI-1328
Analyzing VHDL file c:/lscc/radiant/2023.1/ip/pmi/pmi_ice40up.vhd. VHDL-1481
Analyzing VHDL file c:/lscc/radiant/2023.1/ip/pmi/pmi_ice40up.vhd

INFO <35921014> - c:/lscc/radiant/2023.1/ip/pmi/pmi_ice40up.vhd(4): analyzing package components. VHDL-1014
Analyzing VHDL file z:/es4/lab7/nes_controller/source/impl_1/top.vhd. VHDL-1481
Analyzing VHDL file z:/es4/lab7/nes_controller/source/impl_1/top.vhd

INFO <35921012> - z:/es4/lab7/nes_controller/source/impl_1/top.vhd(5): analyzing entity top. VHDL-1012
INFO <35921010> - z:/es4/lab7/nes_controller/source/impl_1/top.vhd(21): analyzing architecture synth. VHDL-1010
Analyzing VHDL file z:/es4/lab7/nes_controller/source/impl_1/counter.vhd. VHDL-1481
Analyzing VHDL file z:/es4/lab7/nes_controller/source/impl_1/counter.vhd

INFO <35921012> - z:/es4/lab7/nes_controller/source/impl_1/counter.vhd(5): analyzing entity counter. VHDL-1012
INFO <35921010> - z:/es4/lab7/nes_controller/source/impl_1/counter.vhd(12): analyzing architecture synth. VHDL-1010
Analyzing VHDL file z:/es4/lab7/nes_controller/source/impl_1/nes_controller.vhd. VHDL-1481
Analyzing VHDL file z:/es4/lab7/nes_controller/source/impl_1/nes_controller.vhd

INFO <35921012> - z:/es4/lab7/nes_controller/source/impl_1/nes_controller.vhd(5): analyzing entity nes_controller. VHDL-1012
INFO <35921010> - z:/es4/lab7/nes_controller/source/impl_1/nes_controller.vhd(21): analyzing architecture synth. VHDL-1010
The default VHDL library search path is now "Z:/es4/Lab7/NES_Controller/impl_1". VHDL-1504
Top module language type = VHDL.
Top module name (VHDL, mixed language): top
                                                         


### Number of Logic Cells: 5280


### Number of RAM Blocks: 30


### Number of DSP Blocks: 8


### Number of PLLs: 1


### Number of IO Pins: 56


##########################################################


                                                         





Combinational loop found : 1

 Net a_c 

 Instance \nes_controller_device/mux_7_i8 

Combinational loop found : 2

 Net b_c 

 Instance \nes_controller_device/mux_7_i7 

Combinational loop found : 3

 Net start_c 

 Instance \nes_controller_device/mux_7_i5 

Combinational loop found : 4

 Net sel_c 

 Instance \nes_controller_device/mux_7_i6 

Combinational loop found : 5

 Net right_c 

 Instance \nes_controller_device/mux_7_i1 

Combinational loop found : 6

 Net left_c 

 Instance \nes_controller_device/mux_7_i2 

Combinational loop found : 7

 Net down_c 

 Instance \nes_controller_device/mux_7_i3 

Combinational loop found : 8

 Net up_c 

 Instance \nes_controller_device/mux_7_i4 


################### Begin Area Report (top)######################
Number of register bits => 25 of 5280 (0 % )
CCU2 => 9
FD1P3XZ => 25
HSOSC_CORE => 1
IB => 1
LUT4 => 16
OB => 10
################### End Area Report ##################
Number of odd-length carry chains : 1
Number of even-length carry chains : 0

################### Begin Clock Report ######################
Clock Nets
Number of Clocks: 1
  Net : nes_controller_device/ctrlr_clk_c, loads : 1
Clock Enable Nets
Number of Clock Enables: 0
Highest fanout non-clock nets
Top 10 highest fanout non-clock nets:
  Net : nes_controller_device/counter_device/clk, loads : 17
  Net : nes_controller_device/a_c_N_20, loads : 8
  Net : nes_controller_device/counter_device/NEScount[3], loads : 3
  Net : nes_controller_device/counter_device/NEScount[2], loads : 2
  Net : nes_controller_device/counter_device/NEScount[7], loads : 2
  Net : nes_controller_device/shift_reg[6], loads : 2
  Net : nes_controller_device/shift_reg[5], loads : 2
  Net : nes_controller_device/counter_device/NEScount[4], loads : 2
  Net : nes_controller_device/counter_device/NEScount[0], loads : 2
  Net : nes_controller_device/counter_device/NEScount[1], loads : 2
################### End Clock Report ##################

Peak Memory Usage: 102 MB

--------------------------------------------------------------
Total CPU Time: 0 secs 
Total REAL Time: 2 secs 
--------------------------------------------------------------


postsyn -a iCE40UP -p iCE40UP5K -t SG48 -sp High-Performance_1.2V -oc Industrial -top -w -o NES_Controller_impl_1_syn.udb NES_Controller_impl_1.vm
POSTSYN: Post Synthesis Process Radiant Software (64-bit) 2023.1.0.43.3
Command Line: postsyn -a iCE40UP -p iCE40UP5K -t SG48 -sp High-Performance_1.2V -oc Industrial -top -w -o NES_Controller_impl_1_syn.udb -gui -msgset Z:/es4/Lab7/NES_Controller/promote.xml NES_Controller_impl_1.vm 
   Architecture:     iCE40UP
   Device:           iCE40UP5K
   Package:          SG48
   Performance:      High-Performance_1.2V
Reading input file 'NES_Controller_impl_1.vm' ...
CPU Time to convert: 0.03125
REAL Time to convert: 0
convert PEAK Memory Usage: 26 MB
convert CURRENT Memory Usage: 26 MB
Removing unused logic ...
Starting design annotation....
 
Constraint Summary:
   Total number of constraints: 1
   Total number of constraints dropped: 0
 
Writing output file 'NES_Controller_impl_1_syn.udb'.
POSTSYN finished successfully.
Total CPU Time: 0 secs 
Total REAL Time: 0 secs 
Peak Memory Usage: 34 MB


map -i "NES_Controller_impl_1_syn.udb" -pdc "Z:/es4/Lab7/NES_Controller/pin_mapping.pdc" -o "NES_Controller_impl_1_map.udb" -mp "NES_Controller_impl_1.mrp" -hierrpt     
map:  version Radiant Software (64-bit) 2023.1.0.43.3

Copyright (c) 1991-1994 by NeoCAD Inc. All rights reserved.
Copyright (c) 1995 AT&T Corp.   All rights reserved.
Copyright (c) 1995-2001 Lucent Technologies Inc.  All rights reserved.
Copyright (c) 2001 Agere Systems   All rights reserved.
Copyright (c) 2002-2023 Lattice Semiconductor Corporation,  All rights reserved.

Command line:   map -i NES_Controller_impl_1_syn.udb -pdc Z:/es4/Lab7/NES_Controller/pin_mapping.pdc -o NES_Controller_impl_1_map.udb -mp NES_Controller_impl_1.mrp -hierrpt -gui 

Loading device for application GENERIC from file 'itpa08.nph' in environment: C:/lscc/radiant/2023.1/ispfpga.
Package Status:                     Preliminary    Version 1.5.



   Remove unused logic

   Do not produce over sized UDBs.

Design:  top
Family:  iCE40UP
Device:  iCE40UP5K
Package: SG48
Performance Grade:  High-Performance_1.2V

Running general design DRC...

Removing unused logic...

Optimizing...




Design Summary:
   Number of slice registers:  25 out of  5280 (<1%)
   Number of I/O registers:      0 out of   117 (0%)
   Number of LUT4s:            42 out of  5280 (1%)
      Number of logic LUT4s:              17
      Number of inserted feedthru LUT4s:   7
      Number of ripple logic:              9 (18 LUT4s)
   Number of IO sites used:   11 out of 39 (28%)
      Number of IO sites used for general PIO: 11
      Number of IO sites used for I3C: 0 out of 2 (0%)
      (note: If I3C is not used, its site can be used as general PIO)
      Number of IO sites used for PIO+I3C: 11 out of 36 (31%)
      Number of IO sites used for OD+RGB IO buffers: 0 out of 3 (0%)
      (note: If RGB LED drivers are not used, sites can be used as OD outputs,
       see TN1288 iCE40 LED Driver Usage Guide)
      Number of IO sites used for PIO+I3C+OD+RGB: 11 out of 39 (28%)
   Number of DSPs:             0 out of 8 (0%)
   Number of I2Cs:             0 out of 2 (0%)
   Number of High Speed OSCs:  1 out of 1 (100%)
   Number of Low Speed OSCs:   0 out of 1 (0%)
   Number of RGB PWM:          0 out of 1 (0%)
   Number of RGB Drivers:      0 out of 1 (0%)
   Number of SCL FILTERs:      0 out of 2 (0%)
   Number of SRAMs:            0 out of 4 (0%)
   Number of WARMBOOTs:        0 out of 1 (0%)
   Number of SPIs:             0 out of 2 (0%)
   Number of EBRs:             0 out of 30 (0%)
   Number of PLLs:             0 out of 1 (0%)
   Number of Clocks:  2
      Net ctrlr_clk_c: 8 loads, 8 rising, 0 falling (Driver: Pin nes_controller_device.ctrlr_clk_c_I_0/Z)
      Net nes_controller_device.counter_device.clk: 9 loads, 9 rising, 0 falling (Driver: Pin nes_controller_device.counter_device.osc/CLKHF)
   Number of Clock Enables:  1
      Net VCC_net: 1 loads, 0 SLICEs
   Number of LSRs:  0
   Top 10 highest fanout non-clock nets:
      Net nes_controller_device.a_c_N_20: 8 loads
      Net nes_controller_device.NEScount[3]: 4 loads
      Net nes_controller_device.NEScount[0]: 3 loads
      Net nes_controller_device.NEScount[1]: 3 loads
      Net nes_controller_device.NEScount[2]: 3 loads
      Net nes_controller_device.NEScount[4]: 3 loads
      Net nes_controller_device.NEScount[5]: 3 loads
      Net nes_controller_device.NEScount[6]: 3 loads
      Net nes_controller_device.NEScount[7]: 3 loads
      Net VCC_net: 3 loads
Running physical design DRC...

 

   Number of warnings:  0
   Number of errors:    0

Constraint Summary:
   Total number of constraints: 12
   Total number of constraints dropped: 0


Total CPU Time: 0 secs  
Total REAL Time: 0 secs  
Peak Memory Usage: 56 MB


par -f "NES_Controller_impl_1.p2t" "NES_Controller_impl_1_map.udb" "NES_Controller_impl_1.udb"

Lattice Place and Route Report for Design "NES_Controller_impl_1_map.udb"
Mon Nov  6 20:02:18 2023

PAR: Place And Route Radiant Software (64-bit) 2023.1.0.43.3.
Command Line: par -w -t 1 -cores 1 -exp parPathBased=ON \
	NES_Controller_impl_1_map.udb NES_Controller_impl_1_par.dir/5_1.udb 

Loading NES_Controller_impl_1_map.udb ...
Loading device for application GENERIC from file 'itpa08.nph' in environment: C:/lscc/radiant/2023.1/ispfpga.
Package Status:                     Preliminary    Version 1.5.
Performance Hardware Data Status:   Advanced       Version 1.0.



Design:  top
Family:  iCE40UP
Device:  iCE40UP5K
Package: SG48
Performance Grade:   High-Performance_1.2V
Number of Signals: 85
Number of Connections: 161
Device utilization summary:

   SLICE (est.)      23/2640          1% used
     LUT             42/5280          1% used
     REG             25/5280         <1% used
   PIO               11/56           20% used
                     11/36           30% bonded
   IOLOGIC            0/56            0% used
   DSP                0/8             0% used
   I2C                0/2             0% used
   HFOSC              1/1           100% used
   LFOSC              0/1             0% used
   LEDDA_IP           0/1             0% used
   RGBA_DRV           0/1             0% used
   FILTER             0/2             0% used
   SRAM               0/4             0% used
   WARMBOOT           0/1             0% used
   SPI                0/2             0% used
   EBR                0/30            0% used
   PLL                0/1             0% used
   RGBOUTBUF          0/3             0% used
   I3C                0/2             0% used
   OPENDRAIN          0/3             0% used

Pin Constraint Summary:
   11 out of 11 pins locked (100% locked).

Finished Placer Phase 0 (HIER). CPU time: 0 secs , REAL time: 0 secs 


................
Finished Placer Phase 0 (AP).  CPU time: 0 secs , REAL time: 0 secs 

Starting Placer Phase 1. CPU time: 0 secs , REAL time: 0 secs 
..  ..
....................

Placer score = 13083.

Device SLICE utilization summary after final SLICE packing:
   SLICE             22/2640         <1% used

Finished Placer Phase 1. CPU time: 0 secs , REAL time: 3 secs 

Starting Placer Phase 2.
.

Placer score =  15638
Finished Placer Phase 2.  CPU time: 0 secs , REAL time: 3 secs 


------------------ Clock Report ------------------

Global Clocks :
  PRIMARY "nes_controller_device.counter_device.clk" from comp "nes_controller_device.counter_device.osc" on site "HFOSC_R1C32", clk load = 9, ce load = 0, sr load = 0

  PRIMARY  : 1 out of 8 (12%)

--------------- End of Clock Report ---------------


I/O Usage Summary (final):
   11 out of 56 (19.6%) I/O sites used.
   11 out of 36 (30.6%) bonded I/O sites used.
   Number of I/O components: 11; differential: 0
   Number of Vref pins used: 0

I/O Bank Usage Summary:
+----------+---------------+------------+------------+------------+
| I/O Bank | Usage         | Bank Vccio | Bank Vref1 | Bank Vref2 |
+----------+---------------+------------+------------+------------+
| 0        | 3 / 14 ( 21%) | 3.3V       |            |            |
| 1        | 8 / 14 ( 57%) | 3.3V       |            |            |
| 2        | 0 / 8 (  0%)  | OFF        |            |            |
+----------+---------------+------------+------------+------------+

Total Placer CPU time: 0 secs , REAL time: 3 secs 

Writing design to file NES_Controller_impl_1_par.dir/5_1.udb ...


Start NBR router at 20:02:21 11/06/23

*****************************************************************
Info: NBR allows conflicts(one node used by more than one signal)
      in the earlier iterations. In each iteration, it tries to  
      solve the conflicts while keeping the critical connections 
      routed as short as possible. The routing process is said to
      be completed when no conflicts exist and all connections   
      are routed.                                                
Note: NBR uses a different method to calculate timing slacks. The
      worst slack and total negative slack may not be the same as
      that in timing report. You should always run the timing    
      tool to verify your design.                                
*****************************************************************

Starting routing resource preassignment
Preassignment Summary:
--------------------------------------------------------------------------------
40 connections routed with dedicated routing resources
1 global clock signals routed
49 connections routed (of 157 total) (31.21%)
---------------------------------------------------------
Clock routing summary:
Primary clocks (1 used out of 8 available):
#4  Signal "nes_controller_device.counter_device.clk"
       Clock   loads: 9     out of     9 routed (100.00%)
Other clocks:
    Signal "ctrlr_clk_c"
       Clock   loads: 0     out of     4 routed (  0.00%)
       Data    loads: 0     out of     1 routed (  0.00%)
---------------------------------------------------------
--------------------------------------------------------------------------------
Completed routing resource preassignment
    TimerIf::skewscore 0
+++++++++++++++++++++++++++++++++++++++++++++++++++++++++++++++++++
Routing in Serial Mode ......
+++++++++++++++++++++++++++++++++++++++++++++++++++++++++++++++++++

Start NBR section for initial routing at 20:02:21 11/06/23
Level 4, iteration 1
4(0.00%) conflicts; 0(0.00%) untouched conn; 0 (nbr) score; 
Estimated worst slack/total negative slack<setup>: 10.480ns/0.000ns; real time: 0 secs 

Info: Initial congestion level at 75.00% usage is 0
Info: Initial congestion area  at 75.00% usage is 0 (0.00%)

Start NBR section for normal routing at 20:02:21 11/06/23
Level 4, iteration 1
1(0.00%) conflict; 0(0.00%) untouched conn; 0 (nbr) score; 
Estimated worst slack/total negative slack<setup>: 10.480ns/0.000ns; real time: 0 secs 
Level 4, iteration 2
1(0.00%) conflict; 0(0.00%) untouched conn; 0 (nbr) score; 
Estimated worst slack/total negative slack<setup>: 10.480ns/0.000ns; real time: 0 secs 
Level 4, iteration 3
0(0.00%) conflict; 0(0.00%) untouched conn; 0 (nbr) score; 
Estimated worst slack/total negative slack<setup>: 10.480ns/0.000ns; real time: 0 secs 

Start NBR section for setup/hold timing optimization with effort level 3 at 20:02:21 11/06/23
Changing speed to M

Starting full timing analysis...
Changing speed to M;   changing temperature to -40
Changing speed to 6;   changing temperature to 100

Start NBR section for post-routing at 20:02:21 11/06/23

End NBR router with 0 unrouted connection
Requested speed is the same as database speed
Changing speed to M

Starting full timing analysis...
Requested speed is the same as database speed
Changing speed to 6;   changing temperature to 100

NBR Summary
-----------
  Number of unrouted connections : 0 (0.00%)
  Estimated worst slack<setup> : 10.480ns
  Estimated worst slack<hold > : 1.913ns
  Timing score<setup> : 0
  Timing score<hold > : 0
  Number of connections with timing violations<setup> : 0 (0.00%)
  Number of connections with timing violations<hold > : 0 (0.00%)
-----------


Total CPU time 0 secs 
Total REAL time: 0 secs 
Completely routed.
End of route.  157 routed (100.00%); 0 unrouted.

Writing design to file NES_Controller_impl_1_par.dir/5_1.udb ...


PAR_SUMMARY::Run status = Completed
PAR_SUMMARY::Number of unrouted conns = 0
PAR_SUMMARY::Worst  slack<setup/<ns>> = 10.480
PAR_SUMMARY::Timing score<setup/<ns>> = 0.000
PAR_SUMMARY::Worst  slack<hold /<ns>> = 1.913
PAR_SUMMARY::Timing score<hold /<ns>> = 0.000
PAR_SUMMARY::Number of errors = 0

Total CPU  Time: 0 secs 
Total REAL Time: 4 secs 
Peak Memory Usage: 106.70 MB


par done!

Note: user must run 'timing' for timing closure signoff.

Copyright (c) 1991-1994 by NeoCAD Inc. All rights reserved.
Copyright (c) 1995 AT&T Corp.   All rights reserved.
Copyright (c) 1995-2001 Lucent Technologies Inc.  All rights reserved.
Copyright (c) 2001 Agere Systems   All rights reserved.
Copyright (c) 2002-2023 Lattice Semiconductor Corporation,  All rights reserved.

timing -sethld -v 10 -u 10 -endpoints 10 -nperend 1 -sp High-Performance_1.2V -hsp m   -pwrprd -html -rpt "NES_Controller_impl_1.twr" "NES_Controller_impl_1.udb" 
timing -sethld -v 10 -u 10 -endpoints 10 -nperend 1 -sp High-Performance_1.2V -hsp m -pwrprd -html -rpt NES_Controller_impl_1.twr NES_Controller_impl_1.udb -gui
Starting design reading...
Loading device for application GENERIC from file 'itpa08.nph' in environment: C:/lscc/radiant/2023.1/ispfpga.
Package Status:                     Preliminary    Version 1.5.
Performance Hardware Data Status:   Advanced       Version 1.0.
Loading udb::Database ...
Design:  top
Family:  iCE40UP
Device:  iCE40UP5K
Package: SG48
Performance Grade:   High-Performance_1.2V



Successfully loading udb, 0.02 seconds

Initializing timer
Starting design annotation....
High-Performance_1.2V

Starting full timing analysis...
Performance Hardware Data Status:   Advanced       Version 1.0.
Connections ignored  14  counted  147  covered  65
Changing speed to m;   changing temperature to -40

STA Runtime and Peak Memory Usage :
Total CPU Time: 0 secs 
Total REAL Time: 7 secs 
Peak Memory Usage: 92 MB

 7.348147s wall, 0.187500s user + 0.046875s system = 0.234375s CPU (3.2%)


tmcheck -par "NES_Controller_impl_1.par" 

bitgen -w "NES_Controller_impl_1.udb" -f "NES_Controller_impl_1.t2b" 
Loading NES_Controller_impl_1.udb ...
Loading device for application GENERIC from file 'itpa08.nph' in environment: C:/lscc/radiant/2023.1/ispfpga.
Package Status:                     Preliminary    Version 1.5.
Performance Hardware Data Status:   Advanced       Version 1.0.



Design:  top
Family:  iCE40UP
Device:  iCE40UP5K
Package: SG48
Performance Grade:   High-Performance_1.2V
Successfully loading design udb and device data from disks and to up-layer in CPU time: 0 secs , REAL time: 0 secs 



BITGEN: Bitstream Generator Radiant Software (64-bit) 2023.1.0.43.3
Copyright (c) 1991-1994 by NeoCAD Inc. All rights reserved.
Copyright (c) 1995 AT&T Corp.   All rights reserved.
Copyright (c) 1995-2001 Lucent Technologies Inc.  All rights reserved.
Copyright (c) 2001 Agere Systems   All rights reserved.
Copyright (c) 2002-2023 Lattice Semiconductor Corporation,  All rights reserved.


Running DRC.
DRC detected 0 errors and 0 warnings.

Preference Summary:
+---------------------------------+---------------------------------+
|  Preference                     |  Current Setting                |
+---------------------------------+---------------------------------+
 *  Default setting.
 ** The specified setting matches the default setting.


Creating bit map...
Saving bit stream in "Z:\es4\Lab7\NES_Controller\impl_1\NES_Controller_impl_1.bin".
Bitstream generation complete!

Total CPU Time: 0 secs 
Total REAL Time: 0 secs 
Peak Memory Usage: 109 MB


ibisgen "NES_Controller_impl_1.udb" "C:/lscc/radiant/2023.1/cae_library/ibis/iCE40UP.ibs"
IBIS Models Generator: Lattice Radiant Software (64-bit) 2023.1.0.43.3

Mon Nov  6 20:02:30 2023

Loading NES_Controller_impl_1.udb ...
Loading device for application GENERIC from file 'itpa08.nph' in environment: C:/lscc/radiant/2023.1/ispfpga.
Package Status:                     Preliminary    Version 1.5.
Performance Hardware Data Status:   Advanced       Version 1.0.



Design:  top
Family:  iCE40UP
Device:  iCE40UP5K
Package: SG48
Performance Grade:   High-Performance_1.2V
Successfully loading design udb and device data from disks and to up-layer in CPU time: 0 secs , REAL time: 0 secs 

Created design models.


Generating: Z:\es4\Lab7\NES_Controller\impl_1\IBIS\NES_Controller_impl_1.ibs


INFO <1191031> - Design IBIS models are generated for board level analysis.


backanno "NES_Controller_impl_1.udb"  -o "NES_Controller_impl_1_vo.vo"      -sp "High-Performance_1.2V"  -w -neg
backanno: version Radiant Software (64-bit) 2023.1.0.43.3
Copyright (c) 1991-1994 by NeoCAD Inc. All rights reserved.
Copyright (c) 1995 AT&T Corp.   All rights reserved.
Copyright (c) 1995-2001 Lucent Technologies Inc.  All rights reserved.
Copyright (c) 2001 Agere Systems   All rights reserved.
Copyright (c) 2002-2023 Lattice Semiconductor Corporation,  All rights reserved.

Loading device for application GENERIC from file 'itpa08.nph' in environment: C:/lscc/radiant/2023.1/ispfpga.
Package Status:                     Preliminary    Version 1.5.
Loading udb::Database ...
Design:  top
Family:  iCE40UP
Device:  iCE40UP5K
Package: SG48
Performance Grade:   High-Performance_1.2V
Performance Hardware Data Status:   Advanced       Version 1.0.



Writing a verilog netlist based on the NES_Controller_impl_1 design file.

Writing Verilog netlist to file NES_Controller_impl_1_vo.vo
Writing SDF timing to file NES_Controller_impl_1_vo.sdf
Backanno finished with 0 posted error messages.
Total CPU Time: 0 secs 
Total REAL Time: 0 secs 
Peak Memory Usage: 79 MB
