synthesis:  version Radiant Software (64-bit) 2023.1.0.43.3

Copyright (c) 1991-1994 by NeoCAD Inc. All rights reserved.
Copyright (c) 1995 AT&T Corp.   All rights reserved.
Copyright (c) 1995-2001 Lucent Technologies Inc.  All rights reserved.
Copyright (c) 2001 Agere Systems   All rights reserved.
Copyright (c) 2002-2023 Lattice Semiconductor Corporation,  All rights reserved.
Mon Nov  6 20:02:16 2023


Command Line:  C:\lscc\radiant\2023.1\ispfpga\bin\nt64\synthesis.exe -f NES_Controller_impl_1_lattice.synproj -gui -msgset Z:/es4/Lab7/NES_Controller/promote.xml 

Synthesis options:
The -a option is iCE40UP.
The -t option is SG48.
The -sp option is High-Performance_1.2V.
The -p option is iCE40UP5K.
                                                          


##########################################################


### Lattice Family     : iCE40UP


### Device             : iCE40UP5K


### Package            : SG48


### Performance Grade  : High-Performance_1.2V


                                                         


INFO <35001786> - synthesis: User-Selected Strategy Settings
Optimization goal = Area
Top-level module name = top.
Target frequency = 200.000000 MHz.
Maximum fanout = 1000.
Timing path count = 3 (default)
RWCheckOnRam = 0

BRAM utilization = 100.000000 %
DSP usage = true
DSP utilization = 100.000000 %
fsm_encoding_style = auto
resolve_mixed_drivers = 0
fix_gated_clocks = 1


Mux style = auto (Default)
Use Carry Chain = true
carry_chain_length = 0
Loop Limit = 1950.
Use IO Insertion = TRUE
Use IO Reg = AUTO

Resource Sharing = TRUE
Propagate Constants = TRUE
Remove Duplicate Registers = TRUE
Output HDL file name = NES_Controller_impl_1.vm.
ROM style = auto
RAM style = auto
The -comp option is FALSE.
The -syn option is FALSE.
-vh2008

-path C:/lscc/radiant/2023.1/ispfpga/ice40tp/data (searchpath added)
-path Z:/es4/Lab7/NES_Controller (searchpath added)
-path Z:/es4/Lab7/NES_Controller/impl_1 (searchpath added)
Mixed language design
Verilog design file = C:/lscc/radiant/2023.1/ip/pmi/pmi_iCE40UP.v
VHDL library = pmi
VHDL design file = C:/lscc/radiant/2023.1/ip/pmi/pmi_iCE40UP.vhd
VHDL library = work
VHDL design file = Z:/es4/Lab7/NES_Controller/source/impl_1/top.vhd
VHDL library = work
VHDL design file = Z:/es4/Lab7/NES_Controller/source/impl_1/counter.vhd
VHDL library = work
VHDL design file = Z:/es4/Lab7/NES_Controller/source/impl_1/nes_controller.vhd
The -r option is OFF. [ Remove LOC Properties is OFF. ]
WARNING <35935050> - synthesis: input port TRIM9 is not connected on this instance. VDB-5050
WARNING <35935050> - synthesis: input port TRIM8 is not connected on this instance. VDB-5050
WARNING <35935050> - synthesis: input port TRIM7 is not connected on this instance. VDB-5050
WARNING <35935050> - synthesis: input port TRIM6 is not connected on this instance. VDB-5050
WARNING <35935050> - synthesis: input port TRIM5 is not connected on this instance. VDB-5050
WARNING <35935050> - synthesis: input port TRIM4 is not connected on this instance. VDB-5050
WARNING <35935050> - synthesis: input port TRIM3 is not connected on this instance. VDB-5050
WARNING <35935050> - synthesis: input port TRIM2 is not connected on this instance. VDB-5050
WARNING <35935050> - synthesis: input port TRIM1 is not connected on this instance. VDB-5050
WARNING <35935050> - synthesis: input port TRIM0 is not connected on this instance. VDB-5050
WARNING <35935050> - synthesis: input port I is not connected on this instance. VDB-5050
Compile design.
Compile Design Begin
Analyzing Verilog file c:/lscc/radiant/2023.1/ip/pmi/pmi_ice40up.v. VERI-1482
INFO <35901328> - synthesis: c:/lscc/radiant/2023.1/ip/pmi/pmi_ice40up.v(1): analyzing included file c:/lscc/radiant/2023.1/ip/pmi/pmi_addsub.v. VERI-1328
INFO <35901328> - synthesis: c:/lscc/radiant/2023.1/ip/pmi/pmi_addsub.v(40): analyzing included file c:/lscc/radiant/2023.1/ip/pmi/../common/adder_subtractor/rtl/lscc_add_sub.v. VERI-1328
INFO <35901328> - synthesis: c:/lscc/radiant/2023.1/ip/pmi/pmi_ice40up.v(2): analyzing included file c:/lscc/radiant/2023.1/ip/pmi/pmi_add.v. VERI-1328
INFO <35901328> - synthesis: c:/lscc/radiant/2023.1/ip/pmi/pmi_add.v(50): analyzing included file c:/lscc/radiant/2023.1/ip/pmi/../common/adder/rtl/lscc_adder.v. VERI-1328
INFO <35901328> - synthesis: c:/lscc/radiant/2023.1/ip/pmi/pmi_ice40up.v(3): analyzing included file c:/lscc/radiant/2023.1/ip/pmi/pmi_complex_mult.v. VERI-1328
INFO <35901328> - synthesis: c:/lscc/radiant/2023.1/ip/pmi/pmi_complex_mult.v(52): analyzing included file c:/lscc/radiant/2023.1/ip/pmi/../common/complex_mult/rtl/lscc_complex_mult.v. VERI-1328
INFO <35901328> - synthesis: c:/lscc/radiant/2023.1/ip/pmi/pmi_ice40up.v(4): analyzing included file c:/lscc/radiant/2023.1/ip/pmi/pmi_counter.v. VERI-1328
INFO <35901328> - synthesis: c:/lscc/radiant/2023.1/ip/pmi/pmi_counter.v(39): analyzing included file c:/lscc/radiant/2023.1/ip/pmi/../common/counter/rtl/lscc_cntr.v. VERI-1328
INFO <35901328> - synthesis: c:/lscc/radiant/2023.1/ip/pmi/pmi_ice40up.v(5): analyzing included file c:/lscc/radiant/2023.1/ip/pmi/pmi_fifo.v. VERI-1328
INFO <35901328> - synthesis: c:/lscc/radiant/2023.1/ip/pmi/pmi_fifo.v(44): analyzing included file c:/lscc/radiant/2023.1/ip/pmi/../avant/fifo/rtl/lscc_fifo.v. VERI-1328
INFO <35901328> - synthesis: c:/lscc/radiant/2023.1/ip/pmi/pmi_ice40up.v(6): analyzing included file c:/lscc/radiant/2023.1/ip/pmi/pmi_fifo_dc.v. VERI-1328
INFO <35901328> - synthesis: c:/lscc/radiant/2023.1/ip/pmi/pmi_fifo_dc.v(47): analyzing included file c:/lscc/radiant/2023.1/ip/pmi/../avant/fifo_dc/rtl/lscc_fifo_dc.v. VERI-1328
INFO <35901328> - synthesis: c:/lscc/radiant/2023.1/ip/pmi/pmi_ice40up.v(7): analyzing included file c:/lscc/radiant/2023.1/ip/pmi/pmi_mac.v. VERI-1328
INFO <35901328> - synthesis: c:/lscc/radiant/2023.1/ip/pmi/pmi_mac.v(52): analyzing included file c:/lscc/radiant/2023.1/ip/pmi/../common/mult_accumulate/rtl/lscc_mult_accumulate.v. VERI-1328
INFO <35901328> - synthesis: c:/lscc/radiant/2023.1/ip/pmi/pmi_ice40up.v(8): analyzing included file c:/lscc/radiant/2023.1/ip/pmi/pmi_multaddsubsum.v. VERI-1328
INFO <35901328> - synthesis: c:/lscc/radiant/2023.1/ip/pmi/pmi_multaddsubsum.v(53): analyzing included file c:/lscc/radiant/2023.1/ip/pmi/../common/mult_add_sub_sum/rtl/lscc_mult_add_sub_sum.v. VERI-1328
INFO <35901328> - synthesis: c:/lscc/radiant/2023.1/ip/pmi/pmi_ice40up.v(9): analyzing included file c:/lscc/radiant/2023.1/ip/pmi/pmi_multaddsub.v. VERI-1328
INFO <35901328> - synthesis: c:/lscc/radiant/2023.1/ip/pmi/pmi_multaddsub.v(52): analyzing included file c:/lscc/radiant/2023.1/ip/pmi/../common/mult_add_sub/rtl/lscc_mult_add_sub.v. VERI-1328
INFO <35901328> - synthesis: c:/lscc/radiant/2023.1/ip/pmi/pmi_ice40up.v(10): analyzing included file c:/lscc/radiant/2023.1/ip/pmi/pmi_mult.v. VERI-1328
INFO <35901328> - synthesis: c:/lscc/radiant/2023.1/ip/pmi/pmi_mult.v(51): analyzing included file c:/lscc/radiant/2023.1/ip/pmi/../common/multiplier/rtl/lscc_multiplier.v. VERI-1328
INFO <35901328> - synthesis: c:/lscc/radiant/2023.1/ip/pmi/pmi_ice40up.v(11): analyzing included file c:/lscc/radiant/2023.1/ip/pmi/pmi_ram_dp.v. VERI-1328
INFO <35901328> - synthesis: c:/lscc/radiant/2023.1/ip/pmi/pmi_ram_dp.v(48): analyzing included file c:/lscc/radiant/2023.1/ip/pmi/../avant/ram_dp/rtl/lscc_ram_dp.v. VERI-1328
INFO <35901328> - synthesis: c:/lscc/radiant/2023.1/ip/pmi/pmi_ice40up.v(12): analyzing included file c:/lscc/radiant/2023.1/ip/pmi/pmi_ram_dq.v. VERI-1328
INFO <35901328> - synthesis: c:/lscc/radiant/2023.1/ip/pmi/pmi_ram_dq.v(45): analyzing included file c:/lscc/radiant/2023.1/ip/pmi/../avant/ram_dq/rtl/lscc_ram_dq.v. VERI-1328
INFO <35901328> - synthesis: c:/lscc/radiant/2023.1/ip/pmi/pmi_ice40up.v(13): analyzing included file c:/lscc/radiant/2023.1/ip/pmi/pmi_rom.v. VERI-1328
INFO <35901328> - synthesis: c:/lscc/radiant/2023.1/ip/pmi/pmi_rom.v(45): analyzing included file c:/lscc/radiant/2023.1/ip/pmi/../avant/rom/rtl/lscc_rom.v. VERI-1328
INFO <35901328> - synthesis: c:/lscc/radiant/2023.1/ip/pmi/pmi_ice40up.v(14): analyzing included file c:/lscc/radiant/2023.1/ip/pmi/pmi_sub.v. VERI-1328
INFO <35901328> - synthesis: c:/lscc/radiant/2023.1/ip/pmi/pmi_sub.v(50): analyzing included file c:/lscc/radiant/2023.1/ip/pmi/../common/subtractor/rtl/lscc_subtractor.v. VERI-1328
INFO <35901328> - synthesis: c:/lscc/radiant/2023.1/ip/pmi/pmi_ice40up.v(15): analyzing included file c:/lscc/radiant/2023.1/ip/pmi/pmi_ram_dp_be.v. VERI-1328
INFO <35901328> - synthesis: c:/lscc/radiant/2023.1/ip/pmi/pmi_ram_dp_be.v(49): analyzing included file c:/lscc/radiant/2023.1/ip/pmi/../avant/ram_dp/rtl/lscc_ram_dp.v. VERI-1328
INFO <35901328> - synthesis: c:/lscc/radiant/2023.1/ip/pmi/pmi_ice40up.v(16): analyzing included file c:/lscc/radiant/2023.1/ip/pmi/pmi_ram_dq_be.v. VERI-1328
INFO <35901328> - synthesis: c:/lscc/radiant/2023.1/ip/pmi/pmi_ram_dq_be.v(45): analyzing included file c:/lscc/radiant/2023.1/ip/pmi/../avant/ram_dq/rtl/lscc_ram_dq.v. VERI-1328
INFO <35901328> - synthesis: c:/lscc/radiant/2023.1/ip/pmi/pmi_ice40up.v(17): analyzing included file c:/lscc/radiant/2023.1/ip/pmi/pmi_dsp.v. VERI-1328
Analyzing VHDL file c:/lscc/radiant/2023.1/ip/pmi/pmi_ice40up.vhd. VHDL-1481
Analyzing VHDL file c:/lscc/radiant/2023.1/ip/pmi/pmi_ice40up.vhd

INFO <35921014> - synthesis: c:/lscc/radiant/2023.1/ip/pmi/pmi_ice40up.vhd(4): analyzing package components. VHDL-1014
Analyzing VHDL file z:/es4/lab7/nes_controller/source/impl_1/top.vhd. VHDL-1481
Analyzing VHDL file z:/es4/lab7/nes_controller/source/impl_1/top.vhd

INFO <35921012> - synthesis: z:/es4/lab7/nes_controller/source/impl_1/top.vhd(5): analyzing entity top. VHDL-1012
INFO <35921010> - synthesis: z:/es4/lab7/nes_controller/source/impl_1/top.vhd(21): analyzing architecture synth. VHDL-1010
Analyzing VHDL file z:/es4/lab7/nes_controller/source/impl_1/counter.vhd. VHDL-1481
Analyzing VHDL file z:/es4/lab7/nes_controller/source/impl_1/counter.vhd

INFO <35921012> - synthesis: z:/es4/lab7/nes_controller/source/impl_1/counter.vhd(5): analyzing entity counter. VHDL-1012
INFO <35921010> - synthesis: z:/es4/lab7/nes_controller/source/impl_1/counter.vhd(12): analyzing architecture synth. VHDL-1010
Analyzing VHDL file z:/es4/lab7/nes_controller/source/impl_1/nes_controller.vhd. VHDL-1481
Analyzing VHDL file z:/es4/lab7/nes_controller/source/impl_1/nes_controller.vhd

INFO <35921012> - synthesis: z:/es4/lab7/nes_controller/source/impl_1/nes_controller.vhd(5): analyzing entity nes_controller. VHDL-1012
INFO <35921010> - synthesis: z:/es4/lab7/nes_controller/source/impl_1/nes_controller.vhd(21): analyzing architecture synth. VHDL-1010
INFO <35921504> - synthesis: The default VHDL library search path is now "Z:/es4/Lab7/NES_Controller/impl_1". VHDL-1504
Top module language type = VHDL.
Top module name (VHDL, mixed language): top
                                                         


### Number of Logic Cells: 5280


### Number of RAM Blocks: 30


### Number of DSP Blocks: 8


### Number of PLLs: 1


### Number of IO Pins: 56


##########################################################


                                                         





Combinational loop found : 1

 Net a_c 

 Instance \nes_controller_device/mux_7_i8 

Combinational loop found : 2

 Net b_c 

 Instance \nes_controller_device/mux_7_i7 

Combinational loop found : 3

 Net start_c 

 Instance \nes_controller_device/mux_7_i5 

Combinational loop found : 4

 Net sel_c 

 Instance \nes_controller_device/mux_7_i6 

Combinational loop found : 5

 Net right_c 

 Instance \nes_controller_device/mux_7_i1 

Combinational loop found : 6

 Net left_c 

 Instance \nes_controller_device/mux_7_i2 

Combinational loop found : 7

 Net down_c 

 Instance \nes_controller_device/mux_7_i3 

Combinational loop found : 8

 Net up_c 

 Instance \nes_controller_device/mux_7_i4 


################### Begin Area Report (top)######################
Number of register bits => 25 of 5280 (0 % )
CCU2 => 9
FD1P3XZ => 25
HSOSC_CORE => 1
IB => 1
LUT4 => 16
OB => 10
################### End Area Report ##################
Number of odd-length carry chains : 1
Number of even-length carry chains : 0

################### Begin Clock Report ######################
Clock Nets
Number of Clocks: 1
  Net : nes_controller_device/ctrlr_clk_c, loads : 1
Clock Enable Nets
Number of Clock Enables: 0
Highest fanout non-clock nets
Top 10 highest fanout non-clock nets:
  Net : nes_controller_device/counter_device/clk, loads : 17
  Net : nes_controller_device/a_c_N_20, loads : 8
  Net : nes_controller_device/counter_device/NEScount[3], loads : 3
  Net : nes_controller_device/counter_device/NEScount[2], loads : 2
  Net : nes_controller_device/counter_device/NEScount[7], loads : 2
  Net : nes_controller_device/shift_reg[6], loads : 2
  Net : nes_controller_device/shift_reg[5], loads : 2
  Net : nes_controller_device/counter_device/NEScount[4], loads : 2
  Net : nes_controller_device/counter_device/NEScount[0], loads : 2
  Net : nes_controller_device/counter_device/NEScount[1], loads : 2
################### End Clock Report ##################

Peak Memory Usage: 102 MB

--------------------------------------------------------------
Total CPU Time: 0 secs 
Total REAL Time: 2 secs 
--------------------------------------------------------------
