###########################################################[

Copyright (C) 1994-2023 Synopsys, Inc.
This Synopsys software and all associated documentation are proprietary to Synopsys, Inc.
and may only be used pursuant to the terms and conditions of a written license agreement
with Synopsys, Inc. All other use, reproduction, modification, or distribution of the
Synopsys software or the associated documentation is strictly prohibited.
Tool: Synplify Pro (R)
Build: U-2023.03LR-1
Install: C:\lscc\radiant\2023.1\synpbase
OS: Windows 10 or later
Hostname: LAB229D

Implementation : rev_2
Synopsys VHDL Compiler, Version comp202303synp1, Build 100R, Built May 29 2023 11:23:06, @

@N|Running in 64-bit mode
@N:"Z:\ES4-Final\collisions_and_rotations\source\impl_1\master.vhd":15:7:15:12|Top entity is set to master.
@N: CD140 :	| Using the VHDL 2008 Standard for file 'C:/lscc/radiant/2023.1/ip/pmi/pmi_iCE40UP.vhd'.
@N: CD140 :	| Using the VHDL 2008 Standard for file 'Z:/ES4-Final/collisions_and_rotations/source/impl_1/master.vhd'.
@N: CD140 :	| Using the VHDL 2008 Standard for file 'Z:/ES4-Final/collisions_and_rotations/source/impl_1/nes_controller.vhd'.
@N: CD140 :	| Using the VHDL 2008 Standard for file 'Z:/ES4-Final/collisions_and_rotations/source/impl_1/vga.vhd'.
@N: CD140 :	| Using the VHDL 2008 Standard for file 'Z:/ES4-Final/collisions_and_rotations/source/impl_1/collision_check.vhd'.
@E: CD428 :"Z:/ES4-Final/collisions_and_rotations/source/impl_1/collision_check.vhd":5:25:5:26|Duplicate definition of package my_types_package
@E: CD420 :"Z:/ES4-Final/collisions_and_rotations/source/impl_1/collision_check.vhd":8:11:8:11|Expecting package name
2 errors parsing file Z:/ES4-Final/collisions_and_rotations/source/impl_1/collision_check.vhd
@END
@N: CD140 :	| Using the VHDL 2008 Standard for file 'Z:/ES4-Final/collisions_and_rotations/source/impl_1/game_logic.vhd'.
@E: CD428 :"Z:/ES4-Final/collisions_and_rotations/source/impl_1/game_logic.vhd":5:25:5:26|Duplicate definition of package my_types_package
@E: CD420 :"Z:/ES4-Final/collisions_and_rotations/source/impl_1/game_logic.vhd":8:11:8:11|Expecting package name
4 errors parsing file Z:/ES4-Final/collisions_and_rotations/source/impl_1/game_logic.vhd
@END
@N: CD140 :	| Using the VHDL 2008 Standard for file 'Z:/ES4-Final/collisions_and_rotations/source/impl_1/piece_library.vhd'.
4 errors parsing file Z:/ES4-Final/collisions_and_rotations/source/impl_1/piece_library.vhd
@END
@N: CD140 :	| Using the VHDL 2008 Standard for file 'Z:/ES4-Final/collisions_and_rotations/source/impl_1/renderer.vhd'.
@E: CD428 :"Z:/ES4-Final/collisions_and_rotations/source/impl_1/renderer.vhd":5:25:5:26|Duplicate definition of package my_types_package
@E: CD420 :"Z:/ES4-Final/collisions_and_rotations/source/impl_1/renderer.vhd":8:11:8:11|Expecting package name
6 errors parsing file Z:/ES4-Final/collisions_and_rotations/source/impl_1/renderer.vhd
@END
@N: CD140 :	| Using the VHDL 2008 Standard for file 'Z:/ES4-Final/collisions_and_rotations/source/impl_1/clock_manager.vhd'.
6 errors parsing file Z:/ES4-Final/collisions_and_rotations/source/impl_1/clock_manager.vhd
@END
@E: Parse errors encountered - exiting
Process took 0h:00m:01s realtime, 0h:00m:01s cputime
# Tue Dec  5 23:03:39 2023

###########################################################]
